Using pre-set license
Built from '2020.3/staging' branch; Version is '2020.3.32f1 (12f8b0834f07) revision 1243312'; Using compiler version '192528614'; Build Type 'Release'
OS: 'Windows 11  (10.0.22631) 64bit Core' Language: 'en' Physical Memory: 32438 MB
BatchMode: 1, IsHumanControllingUs: 0, StartBugReporterOnCrash: 0, Is64bit: 1, IsPro: 0

COMMAND LINE ARGUMENTS:
C:\Program Files\Unity\Hub\Editor\2020.3.32f1\Editor\Unity.exe
-adb2
-batchMode
-noUpm
-name
AssetImportWorker0
-projectPath
C:/Users/seanb/personal_projects/PinballSplash
-logFile
Logs/AssetImportWorker0.log
-srvPort
54254
Successfully changed project path to: C:/Users/seanb/personal_projects/PinballSplash
C:/Users/seanb/personal_projects/PinballSplash
Using Asset Import Pipeline V2.
Refreshing native plugins compatible for Editor in 74.73 ms, found 2 plugins.
Preloading 0 native plugins for Editor in 0.00 ms.
Initialize engine version: 2020.3.32f1 (12f8b0834f07)
[Subsystems] Discovering subsystems at path C:/Program Files/Unity/Hub/Editor/2020.3.32f1/Editor/Data/Resources/UnitySubsystems
[Subsystems] Discovering subsystems at path C:/Users/seanb/personal_projects/PinballSplash/Assets
GfxDevice: creating device client; threaded=0
Direct3D:
    Version:  Direct3D 11.0 [level 11.1]
    Renderer: NVIDIA GeForce RTX 3080 Ti Laptop GPU (ID=0x2460)
    Vendor:   
    VRAM:     16189 MB
    Driver:   31.0.15.3713
Initialize mono
Mono path[0] = 'C:/Program Files/Unity/Hub/Editor/2020.3.32f1/Editor/Data/Managed'
Mono path[1] = 'C:/Program Files/Unity/Hub/Editor/2020.3.32f1/Editor/Data/MonoBleedingEdge/lib/mono/unityjit'
Mono config path = 'C:/Program Files/Unity/Hub/Editor/2020.3.32f1/Editor/Data/MonoBleedingEdge/etc'
Using monoOptions --debugger-agent=transport=dt_socket,embedding=1,server=y,suspend=n,address=127.0.0.1:56992
Begin MonoManager ReloadAssembly
Registering precompiled unity dll's ...
Register platform support module: C:/Program Files/Unity/Hub/Editor/2020.3.32f1/Editor/Data/PlaybackEngines/WebGLSupport/UnityEditor.WebGL.Extensions.dll
Register platform support module: C:/Program Files/Unity/Hub/Editor/2020.3.32f1/Editor/Data/PlaybackEngines/WindowsStandaloneSupport/UnityEditor.WindowsStandalone.Extensions.dll
Registered in 0.001577 seconds.
Native extension for WindowsStandalone target not found
Native extension for WebGL target not found
Refreshing native plugins compatible for Editor in 68.29 ms, found 2 plugins.
Preloading 0 native plugins for Editor in 0.00 ms.
Mono: successfully reloaded assembly
- Completed reload, in  0.558 seconds
Domain Reload Profiling:
	ReloadAssembly (558ms)
		BeginReloadAssembly (59ms)
			ExecutionOrderSort (0ms)
			DisableScriptedObjects (0ms)
			BackupInstance (0ms)
			ReleaseScriptingObjects (0ms)
			CreateAndSetChildDomain (1ms)
		EndReloadAssembly (439ms)
			LoadAssemblies (57ms)
			RebuildTransferFunctionScriptingTraits (0ms)
			SetupTypeCache (126ms)
			ReleaseScriptCaches (0ms)
			RebuildScriptCaches (26ms)
			SetupLoadedEditorAssemblies (189ms)
				LogAssemblyErrors (0ms)
				InitializePlatformSupportModulesInManaged (5ms)
				SetLoadedEditorAssemblies (0ms)
				RefreshPlugins (68ms)
				BeforeProcessingInitializeOnLoad (17ms)
				ProcessInitializeOnLoadAttributes (76ms)
				ProcessInitializeOnLoadMethodAttributes (23ms)
				AfterProcessingInitializeOnLoad (0ms)
				EditorAssembliesLoaded (0ms)
			ExecutionOrderSort2 (0ms)
			AwakeInstancesAfterBackupRestoration (0ms)
Platform modules already initialized, skipping
Registering precompiled user dll's ...
Registered in 0.002418 seconds.
Begin MonoManager ReloadAssembly
Native extension for WindowsStandalone target not found
Native extension for WebGL target not found
Refreshing native plugins compatible for Editor in 77.25 ms, found 2 plugins.
Preloading 0 native plugins for Editor in 0.00 ms.
Mono: successfully reloaded assembly
- Completed reload, in  1.259 seconds
Domain Reload Profiling:
	ReloadAssembly (1260ms)
		BeginReloadAssembly (128ms)
			ExecutionOrderSort (0ms)
			DisableScriptedObjects (5ms)
			BackupInstance (0ms)
			ReleaseScriptingObjects (0ms)
			CreateAndSetChildDomain (22ms)
		EndReloadAssembly (1078ms)
			LoadAssemblies (80ms)
			RebuildTransferFunctionScriptingTraits (0ms)
			SetupTypeCache (298ms)
			ReleaseScriptCaches (0ms)
			RebuildScriptCaches (67ms)
			SetupLoadedEditorAssemblies (530ms)
				LogAssemblyErrors (0ms)
				InitializePlatformSupportModulesInManaged (4ms)
				SetLoadedEditorAssemblies (0ms)
				RefreshPlugins (77ms)
				BeforeProcessingInitializeOnLoad (85ms)
				ProcessInitializeOnLoadAttributes (240ms)
				ProcessInitializeOnLoadMethodAttributes (119ms)
				AfterProcessingInitializeOnLoad (4ms)
				EditorAssembliesLoaded (0ms)
			ExecutionOrderSort2 (0ms)
			AwakeInstancesAfterBackupRestoration (5ms)
Platform modules already initialized, skipping
========================================================================
Worker process is ready to serve import requests
Launched and connected shader compiler UnityShaderCompiler.exe after 0.05 seconds
Refreshing native plugins compatible for Editor in 1.58 ms, found 2 plugins.
Preloading 0 native plugins for Editor in 0.00 ms.
Unloading 3754 Unused Serialized files (Serialized files now loaded: 0)
System memory in use before: 181.5 MB.
System memory in use after: 181.7 MB.

Unloading 17 unused Assets to reduce memory usage. Loaded Objects now: 4204.
Total: 5.933900 ms (FindLiveObjects: 0.321800 ms CreateObjectMapping: 0.166700 ms MarkObjects: 5.294800 ms  DeleteObjects: 0.148300 ms)

AssetImportParameters requested are different than current active one (requested -> active):
  custom:framework-win-MediaFoundation: 216162199b28c13a410421893ffa2e32 -> 
  custom:video-decoder-ogg-theora: a1e56fd34408186e4bbccfd4996cb3dc -> 
  custom:container-muxer-webm: aa71ff27fc2769a1b78a27578f13a17b -> 
  custom:container-demuxer-webm: 4f35f7cbe854078d1ac9338744f61a02 -> 
  custom:container-demuxer-ogg: 62fdf1f143b41e24485cea50d1cbac27 -> 
  custom:video-encoder-webm-vp8: eb34c28f22e8b96e1ab97ce403110664 -> 
  custom:video-codec-MediaFoundation-h265: 746d11721c4dcdbdad8f713fa42b33f4 -> 
  custom:video-decoder-webm-vp8: 9c59270c3fd7afecdb556c50c9e8de78 -> 
  custom:audio-decoder-ogg-vorbis: bf7c407c2cedff20999df2af8eb42d56 -> 
  custom:audio-encoder-webm-vorbis: bf7c407c2cedff20999df2af8eb42d56 -> 
========================================================================
Received Import Request.
  path: Assets/Scenes/TitleScene.unity
  artifactKey: Guid(1ddfdd0c592bfac4cb2b896ab6e50424) Importer(815301076,1909f56bfc062723c751e8b465ee728b)
Start importing Assets/Scenes/TitleScene.unity using Guid(1ddfdd0c592bfac4cb2b896ab6e50424) Importer(815301076,1909f56bfc062723c751e8b465ee728b)  -> (artifact id: 'd8cbeaa4b8bcb7e9da9884d5881fd0b7') in 0.023773 seconds 
========================================================================
Received Import Request.
  Time since last request: 0.000616 seconds.
  path: Assets/Scenes
  artifactKey: Guid(8baa99eaea4b0ce4995b6fd8a7f69194) Importer(815301076,1909f56bfc062723c751e8b465ee728b)
Start importing Assets/Scenes using Guid(8baa99eaea4b0ce4995b6fd8a7f69194) Importer(815301076,1909f56bfc062723c751e8b465ee728b)  -> (artifact id: 'e7ac93e7a7842768655328c93c89dce2') in 0.014298 seconds 
========================================================================
Received Import Request.
  Time since last request: 0.000409 seconds.
  path: Assets/Scenes/SampleScene.unity
  artifactKey: Guid(9fc0d4010bbf28b4594072e72b8655ab) Importer(815301076,1909f56bfc062723c751e8b465ee728b)
Start importing Assets/Scenes/SampleScene.unity using Guid(9fc0d4010bbf28b4594072e72b8655ab) Importer(815301076,1909f56bfc062723c751e8b465ee728b)  -> (artifact id: 'b1818ecec73ce70944a0bc7d18790838') in 0.013633 seconds 
========================================================================
Received Import Request.
  Time since last request: 228.259508 seconds.
  path: Assets/flipperController.cs
  artifactKey: Guid(80da5db2ac85e72429f5023dd170f0f5) Importer(815301076,1909f56bfc062723c751e8b465ee728b)
Start importing Assets/flipperController.cs using Guid(80da5db2ac85e72429f5023dd170f0f5) Importer(815301076,1909f56bfc062723c751e8b465ee728b)  -> (artifact id: '2fca38b323a99a0d7feaafbab40cbb56') in 0.032029 seconds 
========================================================================
Received Import Request.
  Time since last request: 0.419930 seconds.
  path: Assets/Meter.cs
  artifactKey: Guid(5402509e188366f4081500ef37fd56c3) Importer(815301076,1909f56bfc062723c751e8b465ee728b)
Start importing Assets/Meter.cs using Guid(5402509e188366f4081500ef37fd56c3) Importer(815301076,1909f56bfc062723c751e8b465ee728b)  -> (artifact id: '9f7523dc9bb97f252dbdfb3f2dea2277') in 0.007155 seconds 
========================================================================
Received Import Request.
  Time since last request: 0.241981 seconds.
  path: Assets/pinball.cs
  artifactKey: Guid(b98e916a1c36c0e40bb6280bc600aa9f) Importer(815301076,1909f56bfc062723c751e8b465ee728b)
Start importing Assets/pinball.cs using Guid(b98e916a1c36c0e40bb6280bc600aa9f) Importer(815301076,1909f56bfc062723c751e8b465ee728b)  -> (artifact id: 'b1ca7a9bdecd3ad30ec37bd2458b6b86') in 0.008632 seconds 
========================================================================
Received Import Request.
  Time since last request: 0.248533 seconds.
  path: Assets/PoolFloatObstacle.cs
  artifactKey: Guid(82281a4ffc56e9b4a937848662c14a45) Importer(815301076,1909f56bfc062723c751e8b465ee728b)
Start importing Assets/PoolFloatObstacle.cs using Guid(82281a4ffc56e9b4a937848662c14a45) Importer(815301076,1909f56bfc062723c751e8b465ee728b)  -> (artifact id: 'd0a0c76db65644d0c0ef5353bbc15095') in 0.008372 seconds 
========================================================================
Received Import Request.
  Time since last request: 4.668263 seconds.
  path: Assets/images
  artifactKey: Guid(4fa1ec776c063344fa997a9a2c0963e1) Importer(815301076,1909f56bfc062723c751e8b465ee728b)
Start importing Assets/images using Guid(4fa1ec776c063344fa997a9a2c0963e1) Importer(815301076,1909f56bfc062723c751e8b465ee728b)  -> (artifact id: '27a5523c0140be0de659141b795ba114') in 0.008400 seconds 
========================================================================
Received Import Request.
  Time since last request: 1.299194 seconds.
  path: Assets/images/life.png
  artifactKey: Guid(a19a494e142350e46aefe0c4ebe500d7) Importer(815301076,1909f56bfc062723c751e8b465ee728b)
Start importing Assets/images/life.png using Guid(a19a494e142350e46aefe0c4ebe500d7) Importer(815301076,1909f56bfc062723c751e8b465ee728b)  -> (artifact id: 'c3f57cc03eabb0654605c81e40d1ecfe') in 0.085088 seconds 
========================================================================
Received Import Request.
  Time since last request: 0.453419 seconds.
  path: Assets/images/icons8-beach-ball-100.png
  artifactKey: Guid(fde6fa7a4d2896149b367a031001c7af) Importer(815301076,1909f56bfc062723c751e8b465ee728b)
Start importing Assets/images/icons8-beach-ball-100.png using Guid(fde6fa7a4d2896149b367a031001c7af) Importer(815301076,1909f56bfc062723c751e8b465ee728b)  -> (artifact id: 'c9388e8f1705e3b52bd3235bba61f0b1') in 0.016994 seconds 
========================================================================
Received Import Request.
  Time since last request: 0.579686 seconds.
  path: Assets/images/multiball.asset
  artifactKey: Guid(4121b738285cc034985993f34f9ef964) Importer(815301076,1909f56bfc062723c751e8b465ee728b)
Start importing Assets/images/multiball.asset using Guid(4121b738285cc034985993f34f9ef964) Importer(815301076,1909f56bfc062723c751e8b465ee728b)  -> (artifact id: '6f5ecdaffaee4aac9ef45ca01f2c2e1a') in 0.015570 seconds 
========================================================================
Received Import Request.
  Time since last request: 0.809587 seconds.
  path: Assets/images/multiball.png
  artifactKey: Guid(c956329657f42b84aa67b1cbf498a2c2) Importer(815301076,1909f56bfc062723c751e8b465ee728b)
Start importing Assets/images/multiball.png using Guid(c956329657f42b84aa67b1cbf498a2c2) Importer(815301076,1909f56bfc062723c751e8b465ee728b)  -> (artifact id: 'e0aa086c1513881ef2bfa905fa47cf73') in 0.014697 seconds 
========================================================================
Received Import Request.
  Time since last request: 1.974940 seconds.
  path: Assets/materials
  artifactKey: Guid(5327708a76a87cb44946fdb7136e96d3) Importer(815301076,1909f56bfc062723c751e8b465ee728b)
Start importing Assets/materials using Guid(5327708a76a87cb44946fdb7136e96d3) Importer(815301076,1909f56bfc062723c751e8b465ee728b)  -> (artifact id: '2c17d13bf2886e85394c1a9c2fd9268a') in 0.008907 seconds 
========================================================================
Received Import Request.
  Time since last request: 0.706393 seconds.
  path: Assets/materials/Shaders
  artifactKey: Guid(5c2d61082efb58d45989c238a1751d82) Importer(815301076,1909f56bfc062723c751e8b465ee728b)
Start importing Assets/materials/Shaders using Guid(5c2d61082efb58d45989c238a1751d82) Importer(815301076,1909f56bfc062723c751e8b465ee728b)  -> (artifact id: '00d1b66fd46b7dce1b8139af5b88627a') in 0.008555 seconds 
========================================================================
Received Import Request.
  Time since last request: 0.695965 seconds.
  path: Assets/materials/Textures/wood_texture.png
  artifactKey: Guid(7c1f2550c88a5c74c9c5d1154979cdd2) Importer(815301076,1909f56bfc062723c751e8b465ee728b)
Start importing Assets/materials/Textures/wood_texture.png using Guid(7c1f2550c88a5c74c9c5d1154979cdd2) Importer(815301076,1909f56bfc062723c751e8b465ee728b)  -> (artifact id: '5790288134ed3e68cea9c3620b75578e') in 0.015660 seconds 
========================================================================
Received Prepare
Registering precompiled user dll's ...
Registered in 0.002207 seconds.
Begin MonoManager ReloadAssembly
Native extension for WindowsStandalone target not found
Native extension for WebGL target not found
Refreshing native plugins compatible for Editor in 0.53 ms, found 2 plugins.
Preloading 0 native plugins for Editor in 0.00 ms.
Mono: successfully reloaded assembly
- Completed reload, in  0.837 seconds
Domain Reload Profiling:
	ReloadAssembly (837ms)
		BeginReloadAssembly (92ms)
			ExecutionOrderSort (0ms)
			DisableScriptedObjects (3ms)
			BackupInstance (0ms)
			ReleaseScriptingObjects (0ms)
			CreateAndSetChildDomain (31ms)
		EndReloadAssembly (703ms)
			LoadAssemblies (74ms)
			RebuildTransferFunctionScriptingTraits (0ms)
			SetupTypeCache (229ms)
			ReleaseScriptCaches (1ms)
			RebuildScriptCaches (43ms)
			SetupLoadedEditorAssemblies (256ms)
				LogAssemblyErrors (0ms)
				InitializePlatformSupportModulesInManaged (3ms)
				SetLoadedEditorAssemblies (0ms)
				RefreshPlugins (1ms)
				BeforeProcessingInitializeOnLoad (64ms)
				ProcessInitializeOnLoadAttributes (171ms)
				ProcessInitializeOnLoadMethodAttributes (10ms)
				AfterProcessingInitializeOnLoad (7ms)
				EditorAssembliesLoaded (0ms)
			ExecutionOrderSort2 (0ms)
			AwakeInstancesAfterBackupRestoration (13ms)
Platform modules already initialized, skipping
Refreshing native plugins compatible for Editor in 0.82 ms, found 2 plugins.
Preloading 0 native plugins for Editor in 0.00 ms.
Unloading 3467 Unused Serialized files (Serialized files now loaded: 0)
System memory in use before: 165.7 MB.
System memory in use after: 166.0 MB.

Unloading 12 unused Assets to reduce memory usage. Loaded Objects now: 4210.
Total: 3.085700 ms (FindLiveObjects: 0.213200 ms CreateObjectMapping: 0.099400 ms MarkObjects: 2.738400 ms  DeleteObjects: 0.033400 ms)

AssetImportParameters requested are different than current active one (requested -> active):
  custom:framework-win-MediaFoundation: 216162199b28c13a410421893ffa2e32 -> 
  custom:video-decoder-ogg-theora: a1e56fd34408186e4bbccfd4996cb3dc -> 
  custom:container-muxer-webm: aa71ff27fc2769a1b78a27578f13a17b -> 
  custom:container-demuxer-webm: 4f35f7cbe854078d1ac9338744f61a02 -> 
  custom:container-demuxer-ogg: 62fdf1f143b41e24485cea50d1cbac27 -> 
  custom:video-encoder-webm-vp8: eb34c28f22e8b96e1ab97ce403110664 -> 
  custom:video-codec-MediaFoundation-h265: 746d11721c4dcdbdad8f713fa42b33f4 -> 
  custom:video-decoder-webm-vp8: 9c59270c3fd7afecdb556c50c9e8de78 -> 
  custom:audio-decoder-ogg-vorbis: bf7c407c2cedff20999df2af8eb42d56 -> 
  custom:audio-encoder-webm-vorbis: bf7c407c2cedff20999df2af8eb42d56 -> 
========================================================================
Received Prepare
Registering precompiled user dll's ...
Registered in 0.002646 seconds.
Begin MonoManager ReloadAssembly
Native extension for WindowsStandalone target not found
Native extension for WebGL target not found
Refreshing native plugins compatible for Editor in 0.56 ms, found 2 plugins.
Preloading 0 native plugins for Editor in 0.00 ms.
Mono: successfully reloaded assembly
- Completed reload, in  0.827 seconds
Domain Reload Profiling:
	ReloadAssembly (828ms)
		BeginReloadAssembly (84ms)
			ExecutionOrderSort (0ms)
			DisableScriptedObjects (3ms)
			BackupInstance (0ms)
			ReleaseScriptingObjects (0ms)
			CreateAndSetChildDomain (28ms)
		EndReloadAssembly (704ms)
			LoadAssemblies (69ms)
			RebuildTransferFunctionScriptingTraits (0ms)
			SetupTypeCache (223ms)
			ReleaseScriptCaches (1ms)
			RebuildScriptCaches (48ms)
			SetupLoadedEditorAssemblies (262ms)
				LogAssemblyErrors (0ms)
				InitializePlatformSupportModulesInManaged (4ms)
				SetLoadedEditorAssemblies (0ms)
				RefreshPlugins (1ms)
				BeforeProcessingInitializeOnLoad (67ms)
				ProcessInitializeOnLoadAttributes (176ms)
				ProcessInitializeOnLoadMethodAttributes (10ms)
				AfterProcessingInitializeOnLoad (4ms)
				EditorAssembliesLoaded (0ms)
			ExecutionOrderSort2 (0ms)
			AwakeInstancesAfterBackupRestoration (12ms)
Platform modules already initialized, skipping
Refreshing native plugins compatible for Editor in 0.58 ms, found 2 plugins.
Preloading 0 native plugins for Editor in 0.00 ms.
Unloading 3467 Unused Serialized files (Serialized files now loaded: 0)
System memory in use before: 165.8 MB.
System memory in use after: 166.0 MB.

Unloading 12 unused Assets to reduce memory usage. Loaded Objects now: 4213.
Total: 2.682600 ms (FindLiveObjects: 0.219800 ms CreateObjectMapping: 0.109600 ms MarkObjects: 2.327200 ms  DeleteObjects: 0.025100 ms)

AssetImportParameters requested are different than current active one (requested -> active):
  custom:framework-win-MediaFoundation: 216162199b28c13a410421893ffa2e32 -> 
  custom:video-decoder-ogg-theora: a1e56fd34408186e4bbccfd4996cb3dc -> 
  custom:container-muxer-webm: aa71ff27fc2769a1b78a27578f13a17b -> 
  custom:container-demuxer-webm: 4f35f7cbe854078d1ac9338744f61a02 -> 
  custom:container-demuxer-ogg: 62fdf1f143b41e24485cea50d1cbac27 -> 
  custom:video-encoder-webm-vp8: eb34c28f22e8b96e1ab97ce403110664 -> 
  custom:video-codec-MediaFoundation-h265: 746d11721c4dcdbdad8f713fa42b33f4 -> 
  custom:video-decoder-webm-vp8: 9c59270c3fd7afecdb556c50c9e8de78 -> 
  custom:audio-decoder-ogg-vorbis: bf7c407c2cedff20999df2af8eb42d56 -> 
  custom:audio-encoder-webm-vorbis: bf7c407c2cedff20999df2af8eb42d56 -> 
========================================================================
Received Prepare
Registering precompiled user dll's ...
Registered in 0.002226 seconds.
Begin MonoManager ReloadAssembly
Native extension for WindowsStandalone target not found
Native extension for WebGL target not found
Refreshing native plugins compatible for Editor in 0.54 ms, found 2 plugins.
Preloading 0 native plugins for Editor in 0.00 ms.
Mono: successfully reloaded assembly
- Completed reload, in  0.844 seconds
Domain Reload Profiling:
	ReloadAssembly (844ms)
		BeginReloadAssembly (86ms)
			ExecutionOrderSort (0ms)
			DisableScriptedObjects (3ms)
			BackupInstance (0ms)
			ReleaseScriptingObjects (0ms)
			CreateAndSetChildDomain (29ms)
		EndReloadAssembly (716ms)
			LoadAssemblies (71ms)
			RebuildTransferFunctionScriptingTraits (0ms)
			SetupTypeCache (228ms)
			ReleaseScriptCaches (2ms)
			RebuildScriptCaches (47ms)
			SetupLoadedEditorAssemblies (263ms)
				LogAssemblyErrors (0ms)
				InitializePlatformSupportModulesInManaged (3ms)
				SetLoadedEditorAssemblies (0ms)
				RefreshPlugins (1ms)
				BeforeProcessingInitializeOnLoad (69ms)
				ProcessInitializeOnLoadAttributes (175ms)
				ProcessInitializeOnLoadMethodAttributes (11ms)
				AfterProcessingInitializeOnLoad (4ms)
				EditorAssembliesLoaded (0ms)
			ExecutionOrderSort2 (0ms)
			AwakeInstancesAfterBackupRestoration (12ms)
Platform modules already initialized, skipping
Refreshing native plugins compatible for Editor in 0.70 ms, found 2 plugins.
Preloading 0 native plugins for Editor in 0.00 ms.
Unloading 3467 Unused Serialized files (Serialized files now loaded: 0)
System memory in use before: 165.8 MB.
System memory in use after: 166.1 MB.

Unloading 12 unused Assets to reduce memory usage. Loaded Objects now: 4216.
Total: 2.601900 ms (FindLiveObjects: 0.206900 ms CreateObjectMapping: 0.089300 ms MarkObjects: 2.281800 ms  DeleteObjects: 0.023100 ms)

AssetImportParameters requested are different than current active one (requested -> active):
  custom:framework-win-MediaFoundation: 216162199b28c13a410421893ffa2e32 -> 
  custom:video-decoder-ogg-theora: a1e56fd34408186e4bbccfd4996cb3dc -> 
  custom:container-muxer-webm: aa71ff27fc2769a1b78a27578f13a17b -> 
  custom:container-demuxer-webm: 4f35f7cbe854078d1ac9338744f61a02 -> 
  custom:container-demuxer-ogg: 62fdf1f143b41e24485cea50d1cbac27 -> 
  custom:video-encoder-webm-vp8: eb34c28f22e8b96e1ab97ce403110664 -> 
  custom:video-codec-MediaFoundation-h265: 746d11721c4dcdbdad8f713fa42b33f4 -> 
  custom:video-decoder-webm-vp8: 9c59270c3fd7afecdb556c50c9e8de78 -> 
  custom:audio-decoder-ogg-vorbis: bf7c407c2cedff20999df2af8eb42d56 -> 
  custom:audio-encoder-webm-vorbis: bf7c407c2cedff20999df2af8eb42d56 -> 
========================================================================
Received Import Request.
  Time since last request: 498.235559 seconds.
  path: Assets/materials/Textures
  artifactKey: Guid(ac5824d09ab8a25488c94272996248d5) Importer(815301076,1909f56bfc062723c751e8b465ee728b)
Start importing Assets/materials/Textures using Guid(ac5824d09ab8a25488c94272996248d5) Importer(815301076,1909f56bfc062723c751e8b465ee728b)  -> (artifact id: '8d29bb9a7014ef92f36e41bad6eb859b') in 0.013335 seconds 
========================================================================
Received Import Request.
  Time since last request: 32.511730 seconds.
  path: Assets/materials/Textures/wood_texture.png
  artifactKey: Guid(7c1f2550c88a5c74c9c5d1154979cdd2) Importer(815301076,1909f56bfc062723c751e8b465ee728b)
Start importing Assets/materials/Textures/wood_texture.png using Guid(7c1f2550c88a5c74c9c5d1154979cdd2) Importer(815301076,1909f56bfc062723c751e8b465ee728b)  -> (artifact id: '6d1d7a9f01ee860f858784f134124ea0') in 0.142762 seconds 
========================================================================
Received Import Request.
  Time since last request: 25.317096 seconds.
  path: Assets/materials/Shaders/Boundary.shadergraph
  artifactKey: Guid(0586f1ec6511e44498d550f19902fa48) Importer(815301076,1909f56bfc062723c751e8b465ee728b)
Start importing Assets/materials/Shaders/Boundary.shadergraph using Guid(0586f1ec6511e44498d550f19902fa48) Importer(815301076,1909f56bfc062723c751e8b465ee728b)  -> (artifact id: '10393f0867466ceb207fb802dcfcb5a5') in 0.012646 seconds 
========================================================================
Received Import Request.
  Time since last request: 36.867316 seconds.
  path: Assets/materials/Shaders/Boundary.shadergraph
  artifactKey: Guid(0586f1ec6511e44498d550f19902fa48) Importer(815301076,1909f56bfc062723c751e8b465ee728b)
Start importing Assets/materials/Shaders/Boundary.shadergraph using Guid(0586f1ec6511e44498d550f19902fa48) Importer(815301076,1909f56bfc062723c751e8b465ee728b)  -> (artifact id: 'eea7e8f52e7650f0254e380dc18bdee0') in 0.004247 seconds 
========================================================================
Received Prepare
Registering precompiled user dll's ...
Registered in 0.003927 seconds.
Begin MonoManager ReloadAssembly
Native extension for WindowsStandalone target not found
Native extension for WebGL target not found
Refreshing native plugins compatible for Editor in 0.54 ms, found 2 plugins.
Preloading 0 native plugins for Editor in 0.00 ms.
Mono: successfully reloaded assembly
- Completed reload, in  0.907 seconds
Domain Reload Profiling:
	ReloadAssembly (907ms)
		BeginReloadAssembly (97ms)
			ExecutionOrderSort (0ms)
			DisableScriptedObjects (3ms)
			BackupInstance (0ms)
			ReleaseScriptingObjects (0ms)
			CreateAndSetChildDomain (34ms)
		EndReloadAssembly (765ms)
			LoadAssemblies (78ms)
			RebuildTransferFunctionScriptingTraits (0ms)
			SetupTypeCache (245ms)
			ReleaseScriptCaches (2ms)
			RebuildScriptCaches (48ms)
			SetupLoadedEditorAssemblies (282ms)
				LogAssemblyErrors (0ms)
				InitializePlatformSupportModulesInManaged (4ms)
				SetLoadedEditorAssemblies (0ms)
				RefreshPlugins (1ms)
				BeforeProcessingInitializeOnLoad (73ms)
				ProcessInitializeOnLoadAttributes (190ms)
				ProcessInitializeOnLoadMethodAttributes (10ms)
				AfterProcessingInitializeOnLoad (4ms)
				EditorAssembliesLoaded (0ms)
			ExecutionOrderSort2 (0ms)
			AwakeInstancesAfterBackupRestoration (13ms)
Platform modules already initialized, skipping
Refreshing native plugins compatible for Editor in 0.51 ms, found 2 plugins.
Preloading 0 native plugins for Editor in 0.00 ms.
Unloading 3467 Unused Serialized files (Serialized files now loaded: 0)
System memory in use before: 165.9 MB.
System memory in use after: 166.1 MB.

Unloading 12 unused Assets to reduce memory usage. Loaded Objects now: 4219.
Total: 2.699000 ms (FindLiveObjects: 0.282000 ms CreateObjectMapping: 0.082400 ms MarkObjects: 2.309000 ms  DeleteObjects: 0.024200 ms)

AssetImportParameters requested are different than current active one (requested -> active):
  custom:framework-win-MediaFoundation: 216162199b28c13a410421893ffa2e32 -> 
  custom:video-decoder-ogg-theora: a1e56fd34408186e4bbccfd4996cb3dc -> 
  custom:container-muxer-webm: aa71ff27fc2769a1b78a27578f13a17b -> 
  custom:container-demuxer-webm: 4f35f7cbe854078d1ac9338744f61a02 -> 
  custom:container-demuxer-ogg: 62fdf1f143b41e24485cea50d1cbac27 -> 
  custom:video-encoder-webm-vp8: eb34c28f22e8b96e1ab97ce403110664 -> 
  custom:video-codec-MediaFoundation-h265: 746d11721c4dcdbdad8f713fa42b33f4 -> 
  custom:video-decoder-webm-vp8: 9c59270c3fd7afecdb556c50c9e8de78 -> 
  custom:audio-decoder-ogg-vorbis: bf7c407c2cedff20999df2af8eb42d56 -> 
  custom:audio-encoder-webm-vorbis: bf7c407c2cedff20999df2af8eb42d56 -> 
========================================================================
Received Import Request.
  Time since last request: 187.010852 seconds.
  path: Assets/prefabs
  artifactKey: Guid(1bd181c3bffb6644e9954b996102bdfd) Importer(815301076,1909f56bfc062723c751e8b465ee728b)
Start importing Assets/prefabs using Guid(1bd181c3bffb6644e9954b996102bdfd) Importer(815301076,1909f56bfc062723c751e8b465ee728b)  -> (artifact id: 'cc8a71d2eb3f58a44a06a04de5dc5f47') in 0.010661 seconds 
========================================================================
Received Import Request.
  Time since last request: 2.834222 seconds.
  path: Assets/prefabs/torus
  artifactKey: Guid(aad8d73a601ca6d4388eddc817a1db2f) Importer(815301076,1909f56bfc062723c751e8b465ee728b)
Start importing Assets/prefabs/torus using Guid(aad8d73a601ca6d4388eddc817a1db2f) Importer(815301076,1909f56bfc062723c751e8b465ee728b)  -> (artifact id: '163f36875cec279b88f1b77d58032d72') in 0.009857 seconds 
========================================================================
Received Import Request.
  Time since last request: 1.294209 seconds.
  path: Assets/prefabs/torus/poolFloat.prefab
  artifactKey: Guid(7f3a62c7b60f6a247953d440d5715b53) Importer(815301076,1909f56bfc062723c751e8b465ee728b)
Start importing Assets/prefabs/torus/poolFloat.prefab using Guid(7f3a62c7b60f6a247953d440d5715b53) Importer(815301076,1909f56bfc062723c751e8b465ee728b)  -> (artifact id: '6f16d81e8e548432e7dd626c2a960e9a') in 1.338215 seconds 
========================================================================
Received Import Request.
  Time since last request: 7.124207 seconds.
  path: Assets/prefabs/torus/torus.blend
  artifactKey: Guid(60e1166b980481c458896456765e9f8b) Importer(815301076,1909f56bfc062723c751e8b465ee728b)
Start importing Assets/prefabs/torus/torus.blend using Guid(60e1166b980481c458896456765e9f8b) Importer(815301076,1909f56bfc062723c751e8b465ee728b)  -> (artifact id: '1fa3b145cf743ec874e96d995a4e5784') in 0.285250 seconds 
========================================================================
Received Import Request.
  Time since last request: 4.172087 seconds.
  path: Assets/prefabs/pinball
  artifactKey: Guid(b3a31992bef16534a8a0581b8a73cd3e) Importer(815301076,1909f56bfc062723c751e8b465ee728b)
Start importing Assets/prefabs/pinball using Guid(b3a31992bef16534a8a0581b8a73cd3e) Importer(815301076,1909f56bfc062723c751e8b465ee728b)  -> (artifact id: 'bfca637ae6ec102d9b231980501fca33') in 0.002890 seconds 
========================================================================
Received Import Request.
  Time since last request: 0.946888 seconds.
  path: Assets/prefabs/pinball/sphere.blend
  artifactKey: Guid(41628ddbf5c18b249b320c120d494701) Importer(815301076,1909f56bfc062723c751e8b465ee728b)
Start importing Assets/prefabs/pinball/sphere.blend using Guid(41628ddbf5c18b249b320c120d494701) Importer(815301076,1909f56bfc062723c751e8b465ee728b)  -> (artifact id: 'b5dba91520ecee198b950259296f9d4b') in 0.050275 seconds 
========================================================================
Received Import Request.
  Time since last request: 12.167038 seconds.
  path: Assets/prefabs/torus/poolFloat.prefab
  artifactKey: Guid(7f3a62c7b60f6a247953d440d5715b53) Importer(815301076,1909f56bfc062723c751e8b465ee728b)
Start importing Assets/prefabs/torus/poolFloat.prefab using Guid(7f3a62c7b60f6a247953d440d5715b53) Importer(815301076,1909f56bfc062723c751e8b465ee728b)  -> (artifact id: 'bb95458becec422fb4af16de2b5dc456') in 0.062055 seconds 
========================================================================
Received Import Request.
  Time since last request: 24.798367 seconds.
  path: Assets/StartMenuCommands.cs
  artifactKey: Guid(9d835141895cbd64c8c52aef0064425d) Importer(815301076,1909f56bfc062723c751e8b465ee728b)
Start importing Assets/StartMenuCommands.cs using Guid(9d835141895cbd64c8c52aef0064425d) Importer(815301076,1909f56bfc062723c751e8b465ee728b)  -> (artifact id: '7bb907174827bf83ba6d0be6d89054ee') in 0.007653 seconds 
========================================================================
Received Prepare
Registering precompiled user dll's ...
Registered in 0.007510 seconds.
Begin MonoManager ReloadAssembly
Native extension for WindowsStandalone target not found
Native extension for WebGL target not found
Refreshing native plugins compatible for Editor in 1.05 ms, found 2 plugins.
Preloading 0 native plugins for Editor in 0.00 ms.
Mono: successfully reloaded assembly
- Completed reload, in  1.685 seconds
Domain Reload Profiling:
	ReloadAssembly (1686ms)
		BeginReloadAssembly (236ms)
			ExecutionOrderSort (0ms)
			DisableScriptedObjects (36ms)
			BackupInstance (0ms)
			ReleaseScriptingObjects (0ms)
			CreateAndSetChildDomain (48ms)
		EndReloadAssembly (1371ms)
			LoadAssemblies (124ms)
			RebuildTransferFunctionScriptingTraits (0ms)
			SetupTypeCache (379ms)
			ReleaseScriptCaches (3ms)
			RebuildScriptCaches (87ms)
			SetupLoadedEditorAssemblies (464ms)
				LogAssemblyErrors (0ms)
				InitializePlatformSupportModulesInManaged (6ms)
				SetLoadedEditorAssemblies (1ms)
				RefreshPlugins (1ms)
				BeforeProcessingInitializeOnLoad (118ms)
				ProcessInitializeOnLoadAttributes (316ms)
				ProcessInitializeOnLoadMethodAttributes (15ms)
				AfterProcessingInitializeOnLoad (7ms)
				EditorAssembliesLoaded (0ms)
			ExecutionOrderSort2 (0ms)
			AwakeInstancesAfterBackupRestoration (14ms)
Platform modules already initialized, skipping
Refreshing native plugins compatible for Editor in 0.78 ms, found 2 plugins.
Preloading 0 native plugins for Editor in 0.00 ms.
Unloading 3482 Unused Serialized files (Serialized files now loaded: 0)
System memory in use before: 183.9 MB.
System memory in use after: 184.1 MB.

Unloading 12 unused Assets to reduce memory usage. Loaded Objects now: 4396.
Total: 3.734700 ms (FindLiveObjects: 0.242600 ms CreateObjectMapping: 0.134200 ms MarkObjects: 3.322500 ms  DeleteObjects: 0.033800 ms)

AssetImportParameters requested are different than current active one (requested -> active):
  custom:framework-win-MediaFoundation: 216162199b28c13a410421893ffa2e32 -> 
  custom:video-decoder-ogg-theora: a1e56fd34408186e4bbccfd4996cb3dc -> 
  custom:container-muxer-webm: aa71ff27fc2769a1b78a27578f13a17b -> 
  custom:container-demuxer-webm: 4f35f7cbe854078d1ac9338744f61a02 -> 
  custom:container-demuxer-ogg: 62fdf1f143b41e24485cea50d1cbac27 -> 
  custom:video-encoder-webm-vp8: eb34c28f22e8b96e1ab97ce403110664 -> 
  custom:video-codec-MediaFoundation-h265: 746d11721c4dcdbdad8f713fa42b33f4 -> 
  custom:video-decoder-webm-vp8: 9c59270c3fd7afecdb556c50c9e8de78 -> 
  custom:audio-decoder-ogg-vorbis: bf7c407c2cedff20999df2af8eb42d56 -> 
  custom:audio-encoder-webm-vorbis: bf7c407c2cedff20999df2af8eb42d56 -> 
AssetImportWorkerClient::OnTransportError - code=2 error=End of file
